mode: set
github.com/xtls/RealiTLScanner/geo.go:15.20,20.16 3 1
github.com/xtls/RealiTLScanner/geo.go:20.16,23.3 2 1
github.com/xtls/RealiTLScanner/geo.go:24.2,26.12 3 0
github.com/xtls/RealiTLScanner/geo.go:29.40,30.24 1 1
github.com/xtls/RealiTLScanner/geo.go:30.24,32.3 1 1
github.com/xtls/RealiTLScanner/geo.go:33.2,36.16 4 0
github.com/xtls/RealiTLScanner/geo.go:36.16,39.3 2 0
github.com/xtls/RealiTLScanner/geo.go:40.2,40.32 1 0
github.com/xtls/RealiTLScanner/main.go:25.13,42.13 15 1
github.com/xtls/RealiTLScanner/main.go:42.13,46.3 1 0
github.com/xtls/RealiTLScanner/main.go:46.8,50.3 1 1
github.com/xtls/RealiTLScanner/main.go:51.2,51.44 1 1
github.com/xtls/RealiTLScanner/main.go:51.44,55.3 3 1
github.com/xtls/RealiTLScanner/main.go:56.2,57.15 2 1
github.com/xtls/RealiTLScanner/main.go:57.15,59.17 2 1
github.com/xtls/RealiTLScanner/main.go:59.17,62.4 2 0
github.com/xtls/RealiTLScanner/main.go:63.3,65.16 3 1
github.com/xtls/RealiTLScanner/main.go:67.2,68.16 2 1
github.com/xtls/RealiTLScanner/main.go:68.16,70.3 1 1
github.com/xtls/RealiTLScanner/main.go:70.8,70.21 1 1
github.com/xtls/RealiTLScanner/main.go:70.21,72.17 2 1
github.com/xtls/RealiTLScanner/main.go:72.17,75.4 2 0
github.com/xtls/RealiTLScanner/main.go:76.3,77.24 2 1
github.com/xtls/RealiTLScanner/main.go:78.8,81.17 3 1
github.com/xtls/RealiTLScanner/main.go:81.17,84.4 2 0
github.com/xtls/RealiTLScanner/main.go:85.3,87.17 3 1
github.com/xtls/RealiTLScanner/main.go:87.17,90.4 2 0
github.com/xtls/RealiTLScanner/main.go:91.3,93.25 3 1
github.com/xtls/RealiTLScanner/main.go:93.25,95.4 1 1
github.com/xtls/RealiTLScanner/main.go:96.3,98.69 3 1
github.com/xtls/RealiTLScanner/main.go:100.2,105.30 6 1
github.com/xtls/RealiTLScanner/main.go:105.30,106.13 1 1
github.com/xtls/RealiTLScanner/main.go:106.13,107.29 1 1
github.com/xtls/RealiTLScanner/main.go:107.29,109.5 1 1
github.com/xtls/RealiTLScanner/main.go:110.4,110.13 1 1
github.com/xtls/RealiTLScanner/main.go:113.2,116.88 4 1
github.com/xtls/RealiTLScanner/scanner.go:12.54,13.20 1 1
github.com/xtls/RealiTLScanner/scanner.go:13.20,15.17 2 1
github.com/xtls/RealiTLScanner/scanner.go:15.17,18.4 2 0
github.com/xtls/RealiTLScanner/scanner.go:19.3,19.15 1 1
github.com/xtls/RealiTLScanner/scanner.go:21.2,23.16 3 1
github.com/xtls/RealiTLScanner/scanner.go:23.16,26.3 2 1
github.com/xtls/RealiTLScanner/scanner.go:27.2,29.16 3 1
github.com/xtls/RealiTLScanner/scanner.go:29.16,32.3 2 0
github.com/xtls/RealiTLScanner/scanner.go:33.2,38.33 2 1
github.com/xtls/RealiTLScanner/scanner.go:38.33,40.3 1 1
github.com/xtls/RealiTLScanner/scanner.go:41.2,43.16 3 1
github.com/xtls/RealiTLScanner/scanner.go:43.16,46.3 2 1
github.com/xtls/RealiTLScanner/scanner.go:47.2,54.96 8 1
github.com/xtls/RealiTLScanner/scanner.go:54.96,58.3 2 1
github.com/xtls/RealiTLScanner/scanner.go:58.8,61.3 1 1
github.com/xtls/RealiTLScanner/scanner.go:62.2,65.18 1 1
github.com/xtls/RealiTLScanner/utils.go:32.44,35.12 3 1
github.com/xtls/RealiTLScanner/utils.go:35.12,37.22 2 1
github.com/xtls/RealiTLScanner/utils.go:37.22,39.18 2 1
github.com/xtls/RealiTLScanner/utils.go:39.18,40.13 1 1
github.com/xtls/RealiTLScanner/utils.go:42.4,43.52 2 1
github.com/xtls/RealiTLScanner/utils.go:43.52,50.13 2 1
github.com/xtls/RealiTLScanner/utils.go:52.4,53.18 2 1
github.com/xtls/RealiTLScanner/utils.go:53.18,56.19 2 1
github.com/xtls/RealiTLScanner/utils.go:56.19,58.6 1 0
github.com/xtls/RealiTLScanner/utils.go:59.5,59.39 1 1
github.com/xtls/RealiTLScanner/utils.go:59.39,60.14 1 0
github.com/xtls/RealiTLScanner/utils.go:62.5,64.9 3 1
github.com/xtls/RealiTLScanner/utils.go:64.9,65.27 1 1
github.com/xtls/RealiTLScanner/utils.go:65.27,66.12 1 1
github.com/xtls/RealiTLScanner/utils.go:68.6,69.19 2 1
github.com/xtls/RealiTLScanner/utils.go:69.19,75.7 1 1
github.com/xtls/RealiTLScanner/utils.go:76.6,76.24 1 1
github.com/xtls/RealiTLScanner/utils.go:78.5,78.13 1 1
github.com/xtls/RealiTLScanner/utils.go:80.4,80.32 1 1
github.com/xtls/RealiTLScanner/utils.go:80.32,87.13 2 1
github.com/xtls/RealiTLScanner/utils.go:89.4,89.64 1 1
github.com/xtls/RealiTLScanner/utils.go:91.3,91.66 1 1
github.com/xtls/RealiTLScanner/utils.go:91.66,93.4 1 0
github.com/xtls/RealiTLScanner/utils.go:95.2,95.17 1 1
github.com/xtls/RealiTLScanner/utils.go:97.45,100.2 2 1
github.com/xtls/RealiTLScanner/utils.go:101.38,103.27 2 1
github.com/xtls/RealiTLScanner/utils.go:103.27,104.17 1 1
github.com/xtls/RealiTLScanner/utils.go:104.17,105.13 1 1
github.com/xtls/RealiTLScanner/utils.go:105.13,107.5 1 1
github.com/xtls/RealiTLScanner/utils.go:107.10,109.5 1 1
github.com/xtls/RealiTLScanner/utils.go:112.2,112.14 1 1
github.com/xtls/RealiTLScanner/utils.go:114.43,117.16 3 1
github.com/xtls/RealiTLScanner/utils.go:117.16,120.3 1 1
github.com/xtls/RealiTLScanner/utils.go:121.2,122.15 2 1
github.com/xtls/RealiTLScanner/utils.go:122.15,124.17 2 1
github.com/xtls/RealiTLScanner/utils.go:124.17,128.4 3 1
github.com/xtls/RealiTLScanner/utils.go:130.2,130.12 1 1
github.com/xtls/RealiTLScanner/utils.go:130.12,139.36 5 1
github.com/xtls/RealiTLScanner/utils.go:139.36,140.16 1 1
github.com/xtls/RealiTLScanner/utils.go:140.16,147.5 2 1
github.com/xtls/RealiTLScanner/utils.go:147.10,154.5 2 1
github.com/xtls/RealiTLScanner/utils.go:157.2,157.17 1 1
github.com/xtls/RealiTLScanner/utils.go:159.44,161.16 2 1
github.com/xtls/RealiTLScanner/utils.go:161.16,163.3 1 1
github.com/xtls/RealiTLScanner/utils.go:164.2,165.25 2 1
github.com/xtls/RealiTLScanner/utils.go:165.25,166.36 1 1
github.com/xtls/RealiTLScanner/utils.go:166.36,168.4 1 1
github.com/xtls/RealiTLScanner/utils.go:170.2,170.19 1 1
github.com/xtls/RealiTLScanner/utils.go:170.19,172.3 1 0
github.com/xtls/RealiTLScanner/utils.go:173.2,173.20 1 1
github.com/xtls/RealiTLScanner/utils.go:175.53,178.32 3 1
github.com/xtls/RealiTLScanner/utils.go:178.32,179.40 1 1
github.com/xtls/RealiTLScanner/utils.go:179.40,182.4 2 1
github.com/xtls/RealiTLScanner/utils.go:184.2,184.13 1 1
github.com/xtls/RealiTLScanner/utils.go:186.48,188.12 2 1
github.com/xtls/RealiTLScanner/utils.go:188.12,189.21 1 1
github.com/xtls/RealiTLScanner/utils.go:189.21,191.4 1 1
github.com/xtls/RealiTLScanner/utils.go:193.2,193.11 1 1
github.com/xtls/RealiTLScanner/utils.go:195.47,198.15 2 1
github.com/xtls/RealiTLScanner/utils.go:198.15,200.3 1 1
github.com/xtls/RealiTLScanner/utils.go:200.8,202.3 1 1
github.com/xtls/RealiTLScanner/utils.go:205.2,207.10 3 1
